This is pdfTeX, Version 3.14159265-2.6-1.40.18 (TeX Live 2017/Debian) (preloaded format=pdflatex 2019.5.20)  24 JUL 2019 15:35
entering extended mode
 restricted \write18 enabled.
 file:line:error style messages enabled.
 %&-line parsing enabled.
**Entwick.tex
(./Entwick.tex
LaTeX2e <2017-04-15>
Babel <3.18> and hyphenation patterns for 12 language(s) loaded.
./Entwick.tex:1: Undefined control sequence.
l.1 \section
            {Entwicklung der mechatronischen Systeme}
? 
./Entwick.tex:1: Emergency stop.
l.1 \section
            {Entwicklung der mechatronischen Systeme}
End of file on the terminal!

 
Here is how much of TeX's memory you used:
 5 strings out of 494798
 134 string characters out of 6176800
 47014 words of memory out of 5000000
 3444 multiletter control sequences out of 15000+600000
 3640 words of font info for 14 fonts, out of 8000000 for 9000
 59 hyphenation exceptions out of 8191
 5i,0n,1p,63b,8s stack positions out of 5000i,500n,10000p,200000b,80000s
./Entwick.tex:1:  ==> Fatal error occurred, no output PDF file produced!
